<?xml version="1.0" encoding="UTF-8"?>
<!-- Generated by org.testng.reporters.JUnitXMLReporter -->
<testsuite ignored="0" hostname="LIN65004263" failures="0" tests="3" name="Default test" time="0.034" errors="0" timestamp="2023-02-15T18:56:31 IST">
  <testcase classname="Test.ExcelDataProvides" name="testCaseData" time="0.004"/>
  <testcase classname="Test.ExcelDataProvides" name="testCaseData" time="0.001"/>
  <testcase classname="Test.ExcelDataProvides" name="testCaseData" time="0.0"/>
</testsuite> <!-- Default test -->
