<?xml version="1.0" encoding="UTF-8"?>
<!-- Generated by org.testng.reporters.JUnitXMLReporter -->
<testsuite ignored="0" hostname="LIN65004263" failures="1" tests="10" name="carloan" time="0.039" errors="0" timestamp="2023-02-07T18:22:29 IST">
  <testcase classname="Test.day3" name="dataprovider" time="0.001"/>
  <testcase classname="Test.day3" name="dataprovider" time="0.001"/>
  <testcase classname="Test.day3" name="dataprovider" time="0.001"/>
  <testcase classname="Test.day3" name="day3is1" time="0.001"/>
  <testcase classname="Test.day3" name="Listeners" time="0.004">
    <failure type="java.lang.AssertionError" message="expected [true] but found [false]">
      <![CDATA[java.lang.AssertionError: expected [true] but found [false]
at Test.day3.Listeners(day3.java:82)
at java.base/java.util.ArrayList.forEach(ArrayList.java:1511)
... Removed 31 stack frames]]>
    </failure>
  </testcase> <!-- Listeners -->
  <testcase classname="Test.day3" name="day3is3" time="0.005"/>
  <testcase classname="Test.day3" name="day3is2" time="0.001"/>
  <testcase classname="Test.day4" name="day4is1" time="0.001"/>
  <testcase classname="Test.day4" name="day4is2" time="0.001"/>
  <testcase classname="Test.day4" name="day4is3" time="0.002"/>
</testsuite> <!-- carloan -->
