<?xml version="1.0" encoding="UTF-8"?>
<!-- Generated by org.testng.reporters.JUnitXMLReporter -->
<testsuite ignored="5" hostname="LIN65004263" failures="0" tests="3" name="RegressionTesting" time="0.043" errors="0" timestamp="2023-02-07T16:37:41 IST">
  <testcase classname="Test.day1" name="Day1is" time="0.005"/>
  <testcase classname="Test.day3" name="day3is3" time="0.001"/>
  <testcase classname="Test.day4" name="day4is2" time="0.001"/>
  <testcase classname="Test.day4" name="day4is3" time="0.0">
    <ignored/>
  </testcase> <!-- day4is3 -->
  <testcase classname="Test.day2" name="day2is" time="0.0">
    <ignored/>
  </testcase> <!-- day2is -->
  <testcase classname="Test.day3" name="day3is1" time="0.0">
    <ignored/>
  </testcase> <!-- day3is1 -->
  <testcase classname="Test.day3" name="day3is2" time="0.0">
    <ignored/>
  </testcase> <!-- day3is2 -->
  <testcase classname="Test.day4" name="day4is1" time="0.0">
    <ignored/>
  </testcase> <!-- day4is1 -->
</testsuite> <!-- RegressionTesting -->
