<?xml version="1.0" encoding="UTF-8"?>
<testng-results ignored="0" total="3" passed="3" failed="0" skipped="0">
  <reporter-output>
  </reporter-output>
  <suite started-at="2023-02-15T18:56:31 IST" name="Default suite" finished-at="2023-02-15T18:56:31 IST" duration-ms="34">
    <groups>
    </groups>
    <test started-at="2023-02-15T18:56:31 IST" name="Default test" finished-at="2023-02-15T18:56:31 IST" duration-ms="34">
      <class name="Test.ExcelDataProvides">
        <test-method signature="testCaseData(java.lang.String,java.lang.String,int)[pri:0, instance:Test.ExcelDataProvides@355ce81c]" started-at="2023-02-15T18:56:31 IST" name="testCaseData" data-provider="getData" finished-at="2023-02-15T18:56:31 IST" duration-ms="4" status="PASS">
          <params>
            <param index="0">
              <value>
                <![CDATA[kalya]]>
              </value>
            </param>
            <param index="1">
              <value>
                <![CDATA[hi]]>
              </value>
            </param>
            <param index="2">
              <value>
                <![CDATA[1]]>
              </value>
            </param>
          </params>
          <reporter-output>
          </reporter-output>
        </test-method> <!-- testCaseData -->
        <test-method signature="testCaseData(java.lang.String,java.lang.String,int)[pri:0, instance:Test.ExcelDataProvides@355ce81c]" started-at="2023-02-15T18:56:31 IST" name="testCaseData" data-provider="getData" finished-at="2023-02-15T18:56:31 IST" duration-ms="1" status="PASS">
          <params>
            <param index="0">
              <value>
                <![CDATA[vicky]]>
              </value>
            </param>
            <param index="1">
              <value>
                <![CDATA[hello]]>
              </value>
            </param>
            <param index="2">
              <value>
                <![CDATA[2]]>
              </value>
            </param>
          </params>
          <reporter-output>
          </reporter-output>
        </test-method> <!-- testCaseData -->
        <test-method signature="testCaseData(java.lang.String,java.lang.String,int)[pri:0, instance:Test.ExcelDataProvides@355ce81c]" started-at="2023-02-15T18:56:31 IST" name="testCaseData" data-provider="getData" finished-at="2023-02-15T18:56:31 IST" duration-ms="0" status="PASS">
          <params>
            <param index="0">
              <value>
                <![CDATA[nithin]]>
              </value>
            </param>
            <param index="1">
              <value>
                <![CDATA[bye]]>
              </value>
            </param>
            <param index="2">
              <value>
                <![CDATA[3]]>
              </value>
            </param>
          </params>
          <reporter-output>
          </reporter-output>
        </test-method> <!-- testCaseData -->
      </class> <!-- Test.ExcelDataProvides -->
    </test> <!-- Default test -->
  </suite> <!-- Default suite -->
</testng-results>
